2020-10-23 12:31:58.571  INFO 1751 --- [main] testTask.decision.DecisionApplication    : Starting DecisionApplication on inbnot088.lan with PID 1751 (/Users/enn.semjonov/Kool/RealWorkProject/decision/build/classes/java/main started by enn.semjonov in /Users/enn.semjonov/Kool/RealWorkProject/decision)
2020-10-23 12:31:58.575  INFO 1751 --- [main] testTask.decision.DecisionApplication    : No active profile set, falling back to default profiles: default
2020-10-23 12:31:59.498  INFO 1751 --- [main] .s.d.r.c.RepositoryConfigurationDelegate : Bootstrapping Spring Data JPA repositories in DEFERRED mode.
2020-10-23 12:31:59.573  INFO 1751 --- [main] .s.d.r.c.RepositoryConfigurationDelegate : Finished Spring Data repository scanning in 63ms. Found 3 JPA repository interfaces.
2020-10-23 12:32:00.026  INFO 1751 --- [main] o.s.b.w.embedded.tomcat.TomcatWebServer  : Tomcat initialized with port(s): 8080 (http)
2020-10-23 12:32:00.033  INFO 1751 --- [main] o.apache.catalina.core.StandardService   : Starting service [Tomcat]
2020-10-23 12:32:00.033  INFO 1751 --- [main] org.apache.catalina.core.StandardEngine  : Starting Servlet engine: [Apache Tomcat/9.0.38]
2020-10-23 12:32:00.106  INFO 1751 --- [main] o.a.c.c.C.[Tomcat].[localhost].[/api]    : Initializing Spring embedded WebApplicationContext
2020-10-23 12:32:00.106  INFO 1751 --- [main] w.s.c.ServletWebServerApplicationContext : Root WebApplicationContext: initialization completed in 1500 ms
2020-10-23 12:32:00.144  INFO 1751 --- [main] com.zaxxer.hikari.HikariDataSource       : HikariPool-1 - Starting...
2020-10-23 12:32:00.365  INFO 1751 --- [main] com.zaxxer.hikari.HikariDataSource       : HikariPool-1 - Start completed.
2020-10-23 12:32:00.371  INFO 1751 --- [main] o.s.b.a.h2.H2ConsoleAutoConfiguration    : H2 console available at '/h2-console'. Database available at 'jdbc:h2:./h2/heroes'
2020-10-23 12:32:00.499  INFO 1751 --- [main] o.s.s.concurrent.ThreadPoolTaskExecutor  : Initializing ExecutorService 'applicationTaskExecutor'
2020-10-23 12:32:00.541  INFO 1751 --- [task-1] o.hibernate.jpa.internal.util.LogHelper  : HHH000204: Processing PersistenceUnitInfo [name: default]
2020-10-23 12:32:00.592  INFO 1751 --- [task-1] org.hibernate.Version                    : HHH000412: Hibernate ORM core version 5.4.21.Final
2020-10-23 12:32:00.731  INFO 1751 --- [task-1] o.hibernate.annotations.common.Version   : HCANN000001: Hibernate Commons Annotations {5.1.0.Final}
2020-10-23 12:32:00.754  WARN 1751 --- [main] JpaBaseConfiguration$JpaWebConfiguration : spring.jpa.open-in-view is enabled by default. Therefore, database queries may be performed during view rendering. Explicitly configure spring.jpa.open-in-view to disable this warning
2020-10-23 12:32:00.830  INFO 1751 --- [task-1] org.hibernate.dialect.Dialect            : HHH000400: Using dialect: org.hibernate.dialect.H2Dialect
2020-10-23 12:32:01.176  INFO 1751 --- [main] o.s.b.w.embedded.tomcat.TomcatWebServer  : Tomcat started on port(s): 8080 (http) with context path '/api'
2020-10-23 12:32:01.475  INFO 1751 --- [main] DeferredRepositoryInitializationListener : Triggering deferred initialization of Spring Data repositories…
2020-10-23 12:32:01.546  INFO 1751 --- [task-1] o.h.e.t.j.p.i.JtaPlatformInitiator       : HHH000490: Using JtaPlatform implementation: [org.hibernate.engine.transaction.jta.platform.internal.NoJtaPlatform]
2020-10-23 12:32:01.554  INFO 1751 --- [task-1] j.LocalContainerEntityManagerFactoryBean : Initialized JPA EntityManagerFactory for persistence unit 'default'
2020-10-23 12:32:01.853  INFO 1751 --- [main] DeferredRepositoryInitializationListener : Spring Data repositories initialized!
2020-10-23 12:32:01.863  INFO 1751 --- [main] testTask.decision.DecisionApplication    : Started DecisionApplication in 3.593 seconds (JVM running for 4.215)
2020-10-23 12:32:59.533  INFO 1751 --- [http-nio-8080-exec-10] o.a.c.c.C.[Tomcat].[localhost].[/api]    : Initializing Spring DispatcherServlet 'dispatcherServlet'
2020-10-23 12:32:59.534  INFO 1751 --- [http-nio-8080-exec-10] o.s.web.servlet.DispatcherServlet        : Initializing Servlet 'dispatcherServlet'
2020-10-23 12:32:59.542  INFO 1751 --- [http-nio-8080-exec-10] o.s.web.servlet.DispatcherServlet        : Completed initialization in 8 ms
2020-10-23 12:39:56.066  INFO 1751 --- [SpringContextShutdownHook] j.LocalContainerEntityManagerFactoryBean : Closing JPA EntityManagerFactory for persistence unit 'default'
2020-10-23 12:39:56.071  INFO 1751 --- [SpringContextShutdownHook] o.s.s.concurrent.ThreadPoolTaskExecutor  : Shutting down ExecutorService 'applicationTaskExecutor'
2020-10-23 12:39:56.071  INFO 1751 --- [SpringContextShutdownHook] com.zaxxer.hikari.HikariDataSource       : HikariPool-1 - Shutdown initiated...
2020-10-23 12:39:56.203  INFO 1751 --- [SpringContextShutdownHook] com.zaxxer.hikari.HikariDataSource       : HikariPool-1 - Shutdown completed.
2020-10-23 12:40:00.049  INFO 2076 --- [main] testTask.decision.DecisionApplication    : Starting DecisionApplication on inbnot088.lan with PID 2076 (/Users/enn.semjonov/Kool/RealWorkProject/decision/build/classes/java/main started by enn.semjonov in /Users/enn.semjonov/Kool/RealWorkProject/decision)
2020-10-23 12:40:00.052  INFO 2076 --- [main] testTask.decision.DecisionApplication    : No active profile set, falling back to default profiles: default
2020-10-23 12:40:01.107  INFO 2076 --- [main] .s.d.r.c.RepositoryConfigurationDelegate : Bootstrapping Spring Data JPA repositories in DEFERRED mode.
2020-10-23 12:40:01.165  INFO 2076 --- [main] .s.d.r.c.RepositoryConfigurationDelegate : Finished Spring Data repository scanning in 49ms. Found 3 JPA repository interfaces.
2020-10-23 12:40:01.598  INFO 2076 --- [main] o.s.b.w.embedded.tomcat.TomcatWebServer  : Tomcat initialized with port(s): 8080 (http)
2020-10-23 12:40:01.606  INFO 2076 --- [main] o.apache.catalina.core.StandardService   : Starting service [Tomcat]
2020-10-23 12:40:01.606  INFO 2076 --- [main] org.apache.catalina.core.StandardEngine  : Starting Servlet engine: [Apache Tomcat/9.0.38]
2020-10-23 12:40:01.687  INFO 2076 --- [main] o.a.c.c.C.[Tomcat].[localhost].[/api]    : Initializing Spring embedded WebApplicationContext
2020-10-23 12:40:01.687  INFO 2076 --- [main] w.s.c.ServletWebServerApplicationContext : Root WebApplicationContext: initialization completed in 1575 ms
2020-10-23 12:40:01.724  INFO 2076 --- [main] com.zaxxer.hikari.HikariDataSource       : HikariPool-1 - Starting...
2020-10-23 12:40:01.965  INFO 2076 --- [main] com.zaxxer.hikari.HikariDataSource       : HikariPool-1 - Start completed.
2020-10-23 12:40:01.972  INFO 2076 --- [main] o.s.b.a.h2.H2ConsoleAutoConfiguration    : H2 console available at '/h2-console'. Database available at 'jdbc:h2:./h2/heroes'
2020-10-23 12:40:02.115  INFO 2076 --- [main] o.s.s.concurrent.ThreadPoolTaskExecutor  : Initializing ExecutorService 'applicationTaskExecutor'
2020-10-23 12:40:02.150  INFO 2076 --- [task-1] o.hibernate.jpa.internal.util.LogHelper  : HHH000204: Processing PersistenceUnitInfo [name: default]
2020-10-23 12:40:02.193  INFO 2076 --- [task-1] org.hibernate.Version                    : HHH000412: Hibernate ORM core version 5.4.21.Final
2020-10-23 12:40:02.310  INFO 2076 --- [task-1] o.hibernate.annotations.common.Version   : HCANN000001: Hibernate Commons Annotations {5.1.0.Final}
2020-10-23 12:40:02.352  WARN 2076 --- [main] JpaBaseConfiguration$JpaWebConfiguration : spring.jpa.open-in-view is enabled by default. Therefore, database queries may be performed during view rendering. Explicitly configure spring.jpa.open-in-view to disable this warning
2020-10-23 12:40:02.389  INFO 2076 --- [task-1] org.hibernate.dialect.Dialect            : HHH000400: Using dialect: org.hibernate.dialect.H2Dialect
2020-10-23 12:40:02.670  INFO 2076 --- [main] o.s.b.w.embedded.tomcat.TomcatWebServer  : Tomcat started on port(s): 8080 (http) with context path '/api'
2020-10-23 12:40:02.918  INFO 2076 --- [task-1] o.h.e.t.j.p.i.JtaPlatformInitiator       : HHH000490: Using JtaPlatform implementation: [org.hibernate.engine.transaction.jta.platform.internal.NoJtaPlatform]
2020-10-23 12:40:02.925  INFO 2076 --- [task-1] j.LocalContainerEntityManagerFactoryBean : Initialized JPA EntityManagerFactory for persistence unit 'default'
2020-10-23 12:40:02.935  INFO 2076 --- [main] DeferredRepositoryInitializationListener : Triggering deferred initialization of Spring Data repositories…
2020-10-23 12:40:03.288  INFO 2076 --- [main] DeferredRepositoryInitializationListener : Spring Data repositories initialized!
2020-10-23 12:40:03.299  INFO 2076 --- [main] testTask.decision.DecisionApplication    : Started DecisionApplication in 3.58 seconds (JVM running for 4.075)
2020-10-23 12:40:06.808  INFO 2076 --- [http-nio-8080-exec-10] o.a.c.c.C.[Tomcat].[localhost].[/api]    : Initializing Spring DispatcherServlet 'dispatcherServlet'
2020-10-23 12:40:06.809  INFO 2076 --- [http-nio-8080-exec-10] o.s.web.servlet.DispatcherServlet        : Initializing Servlet 'dispatcherServlet'
2020-10-23 12:40:06.819  INFO 2076 --- [http-nio-8080-exec-10] o.s.web.servlet.DispatcherServlet        : Completed initialization in 10 ms
2020-10-23 13:25:40.067  INFO 2076 --- [SpringContextShutdownHook] j.LocalContainerEntityManagerFactoryBean : Closing JPA EntityManagerFactory for persistence unit 'default'
2020-10-23 13:25:40.071  INFO 2076 --- [SpringContextShutdownHook] o.s.s.concurrent.ThreadPoolTaskExecutor  : Shutting down ExecutorService 'applicationTaskExecutor'
2020-10-23 13:25:40.072  INFO 2076 --- [SpringContextShutdownHook] com.zaxxer.hikari.HikariDataSource       : HikariPool-1 - Shutdown initiated...
2020-10-23 13:25:40.153  INFO 2076 --- [SpringContextShutdownHook] com.zaxxer.hikari.HikariDataSource       : HikariPool-1 - Shutdown completed.
2020-10-23 13:25:42.833  INFO 2890 --- [main] testTask.decision.DecisionApplication    : Starting DecisionApplication on inbnot088.lan with PID 2890 (/Users/enn.semjonov/Kool/RealWorkProject/decision/build/classes/java/main started by enn.semjonov in /Users/enn.semjonov/Kool/RealWorkProject/decision)
2020-10-23 13:25:42.835  INFO 2890 --- [main] testTask.decision.DecisionApplication    : No active profile set, falling back to default profiles: default
2020-10-23 13:25:43.732  INFO 2890 --- [main] .s.d.r.c.RepositoryConfigurationDelegate : Bootstrapping Spring Data JPA repositories in DEFERRED mode.
2020-10-23 13:25:43.794  INFO 2890 --- [main] .s.d.r.c.RepositoryConfigurationDelegate : Finished Spring Data repository scanning in 54ms. Found 3 JPA repository interfaces.
2020-10-23 13:25:44.352  INFO 2890 --- [main] o.s.b.w.embedded.tomcat.TomcatWebServer  : Tomcat initialized with port(s): 8080 (http)
2020-10-23 13:25:44.359  INFO 2890 --- [main] o.apache.catalina.core.StandardService   : Starting service [Tomcat]
2020-10-23 13:25:44.359  INFO 2890 --- [main] org.apache.catalina.core.StandardEngine  : Starting Servlet engine: [Apache Tomcat/9.0.38]
2020-10-23 13:25:44.435  INFO 2890 --- [main] o.a.c.c.C.[Tomcat].[localhost].[/api]    : Initializing Spring embedded WebApplicationContext
2020-10-23 13:25:44.435  INFO 2890 --- [main] w.s.c.ServletWebServerApplicationContext : Root WebApplicationContext: initialization completed in 1555 ms
2020-10-23 13:25:44.473  INFO 2890 --- [main] com.zaxxer.hikari.HikariDataSource       : HikariPool-1 - Starting...
2020-10-23 13:25:44.709  INFO 2890 --- [main] com.zaxxer.hikari.HikariDataSource       : HikariPool-1 - Start completed.
2020-10-23 13:25:44.715  INFO 2890 --- [main] o.s.b.a.h2.H2ConsoleAutoConfiguration    : H2 console available at '/h2-console'. Database available at 'jdbc:h2:./h2/heroes'
2020-10-23 13:25:44.833  INFO 2890 --- [main] o.s.s.concurrent.ThreadPoolTaskExecutor  : Initializing ExecutorService 'applicationTaskExecutor'
2020-10-23 13:25:44.872  INFO 2890 --- [task-1] o.hibernate.jpa.internal.util.LogHelper  : HHH000204: Processing PersistenceUnitInfo [name: default]
2020-10-23 13:25:44.917  INFO 2890 --- [task-1] org.hibernate.Version                    : HHH000412: Hibernate ORM core version 5.4.21.Final
2020-10-23 13:25:45.038  INFO 2890 --- [task-1] o.hibernate.annotations.common.Version   : HCANN000001: Hibernate Commons Annotations {5.1.0.Final}
2020-10-23 13:25:45.097  WARN 2890 --- [main] JpaBaseConfiguration$JpaWebConfiguration : spring.jpa.open-in-view is enabled by default. Therefore, database queries may be performed during view rendering. Explicitly configure spring.jpa.open-in-view to disable this warning
2020-10-23 13:25:45.128  INFO 2890 --- [task-1] org.hibernate.dialect.Dialect            : HHH000400: Using dialect: org.hibernate.dialect.H2Dialect
2020-10-23 13:25:45.457  INFO 2890 --- [main] o.s.b.w.embedded.tomcat.TomcatWebServer  : Tomcat started on port(s): 8080 (http) with context path '/api'
2020-10-23 13:25:45.691  INFO 2890 --- [task-1] o.h.e.t.j.p.i.JtaPlatformInitiator       : HHH000490: Using JtaPlatform implementation: [org.hibernate.engine.transaction.jta.platform.internal.NoJtaPlatform]
2020-10-23 13:25:45.699  INFO 2890 --- [task-1] j.LocalContainerEntityManagerFactoryBean : Initialized JPA EntityManagerFactory for persistence unit 'default'
2020-10-23 13:25:45.728  INFO 2890 --- [main] DeferredRepositoryInitializationListener : Triggering deferred initialization of Spring Data repositories…
2020-10-23 13:25:46.020  INFO 2890 --- [main] DeferredRepositoryInitializationListener : Spring Data repositories initialized!
2020-10-23 13:25:46.032  INFO 2890 --- [main] testTask.decision.DecisionApplication    : Started DecisionApplication in 3.69 seconds (JVM running for 4.386)
2020-10-23 13:25:49.481  INFO 2890 --- [SpringContextShutdownHook] j.LocalContainerEntityManagerFactoryBean : Closing JPA EntityManagerFactory for persistence unit 'default'
2020-10-23 13:25:49.484  INFO 2890 --- [SpringContextShutdownHook] o.s.s.concurrent.ThreadPoolTaskExecutor  : Shutting down ExecutorService 'applicationTaskExecutor'
2020-10-23 13:25:49.485  INFO 2890 --- [SpringContextShutdownHook] com.zaxxer.hikari.HikariDataSource       : HikariPool-1 - Shutdown initiated...
2020-10-23 13:25:49.572  INFO 2890 --- [SpringContextShutdownHook] com.zaxxer.hikari.HikariDataSource       : HikariPool-1 - Shutdown completed.
2020-10-23 13:25:52.348  INFO 2898 --- [main] testTask.decision.DecisionApplication    : Starting DecisionApplication on inbnot088.lan with PID 2898 (/Users/enn.semjonov/Kool/RealWorkProject/decision/build/classes/java/main started by enn.semjonov in /Users/enn.semjonov/Kool/RealWorkProject/decision)
2020-10-23 13:25:52.352  INFO 2898 --- [main] testTask.decision.DecisionApplication    : No active profile set, falling back to default profiles: default
2020-10-23 13:25:53.222  INFO 2898 --- [main] .s.d.r.c.RepositoryConfigurationDelegate : Bootstrapping Spring Data JPA repositories in DEFERRED mode.
2020-10-23 13:25:53.280  INFO 2898 --- [main] .s.d.r.c.RepositoryConfigurationDelegate : Finished Spring Data repository scanning in 51ms. Found 3 JPA repository interfaces.
2020-10-23 13:25:53.741  INFO 2898 --- [main] o.s.b.w.embedded.tomcat.TomcatWebServer  : Tomcat initialized with port(s): 8080 (http)
2020-10-23 13:25:53.748  INFO 2898 --- [main] o.apache.catalina.core.StandardService   : Starting service [Tomcat]
2020-10-23 13:25:53.748  INFO 2898 --- [main] org.apache.catalina.core.StandardEngine  : Starting Servlet engine: [Apache Tomcat/9.0.38]
2020-10-23 13:25:53.843  INFO 2898 --- [main] o.a.c.c.C.[Tomcat].[localhost].[/api]    : Initializing Spring embedded WebApplicationContext
2020-10-23 13:25:53.844  INFO 2898 --- [main] w.s.c.ServletWebServerApplicationContext : Root WebApplicationContext: initialization completed in 1430 ms
2020-10-23 13:25:53.900  INFO 2898 --- [main] com.zaxxer.hikari.HikariDataSource       : HikariPool-1 - Starting...
2020-10-23 13:25:54.111  INFO 2898 --- [main] com.zaxxer.hikari.HikariDataSource       : HikariPool-1 - Start completed.
2020-10-23 13:25:54.118  INFO 2898 --- [main] o.s.b.a.h2.H2ConsoleAutoConfiguration    : H2 console available at '/h2-console'. Database available at 'jdbc:h2:./h2/heroes'
2020-10-23 13:25:54.235  INFO 2898 --- [main] o.s.s.concurrent.ThreadPoolTaskExecutor  : Initializing ExecutorService 'applicationTaskExecutor'
2020-10-23 13:25:54.263  INFO 2898 --- [task-1] o.hibernate.jpa.internal.util.LogHelper  : HHH000204: Processing PersistenceUnitInfo [name: default]
2020-10-23 13:25:54.295  INFO 2898 --- [task-1] org.hibernate.Version                    : HHH000412: Hibernate ORM core version 5.4.21.Final
2020-10-23 13:25:54.382  INFO 2898 --- [task-1] o.hibernate.annotations.common.Version   : HCANN000001: Hibernate Commons Annotations {5.1.0.Final}
2020-10-23 13:25:54.461  INFO 2898 --- [task-1] org.hibernate.dialect.Dialect            : HHH000400: Using dialect: org.hibernate.dialect.H2Dialect
2020-10-23 13:25:54.470  WARN 2898 --- [main] JpaBaseConfiguration$JpaWebConfiguration : spring.jpa.open-in-view is enabled by default. Therefore, database queries may be performed during view rendering. Explicitly configure spring.jpa.open-in-view to disable this warning
2020-10-23 13:25:54.800  INFO 2898 --- [main] o.s.b.w.embedded.tomcat.TomcatWebServer  : Tomcat started on port(s): 8080 (http) with context path '/api'
2020-10-23 13:25:54.945  INFO 2898 --- [task-1] o.h.e.t.j.p.i.JtaPlatformInitiator       : HHH000490: Using JtaPlatform implementation: [org.hibernate.engine.transaction.jta.platform.internal.NoJtaPlatform]
2020-10-23 13:25:54.952  INFO 2898 --- [task-1] j.LocalContainerEntityManagerFactoryBean : Initialized JPA EntityManagerFactory for persistence unit 'default'
2020-10-23 13:25:55.075  INFO 2898 --- [main] DeferredRepositoryInitializationListener : Triggering deferred initialization of Spring Data repositories…
2020-10-23 13:25:55.356  INFO 2898 --- [main] DeferredRepositoryInitializationListener : Spring Data repositories initialized!
2020-10-23 13:25:55.369  INFO 2898 --- [main] testTask.decision.DecisionApplication    : Started DecisionApplication in 3.56 seconds (JVM running for 4.105)
2020-10-23 14:25:48.022  INFO 2898 --- [http-nio-8080-exec-8] o.a.c.c.C.[Tomcat].[localhost].[/api]    : Initializing Spring DispatcherServlet 'dispatcherServlet'
2020-10-23 14:25:48.024  INFO 2898 --- [http-nio-8080-exec-8] o.s.web.servlet.DispatcherServlet        : Initializing Servlet 'dispatcherServlet'
2020-10-23 14:25:48.055  INFO 2898 --- [http-nio-8080-exec-8] o.s.web.servlet.DispatcherServlet        : Completed initialization in 31 ms
2020-10-23 14:26:49.900  INFO 2898 --- [SpringContextShutdownHook] j.LocalContainerEntityManagerFactoryBean : Closing JPA EntityManagerFactory for persistence unit 'default'
2020-10-23 14:26:49.905  INFO 2898 --- [SpringContextShutdownHook] o.s.s.concurrent.ThreadPoolTaskExecutor  : Shutting down ExecutorService 'applicationTaskExecutor'
2020-10-23 14:26:49.906  INFO 2898 --- [SpringContextShutdownHook] com.zaxxer.hikari.HikariDataSource       : HikariPool-1 - Shutdown initiated...
2020-10-23 14:26:49.910  INFO 2898 --- [SpringContextShutdownHook] com.zaxxer.hikari.HikariDataSource       : HikariPool-1 - Shutdown completed.
2020-10-23 14:26:53.563  INFO 4376 --- [main] testTask.decision.DecisionApplication    : Starting DecisionApplication on inbnot088.lan with PID 4376 (/Users/enn.semjonov/Kool/RealWorkProject/decision/build/classes/java/main started by enn.semjonov in /Users/enn.semjonov/Kool/RealWorkProject/decision)
2020-10-23 14:26:53.566  INFO 4376 --- [main] testTask.decision.DecisionApplication    : No active profile set, falling back to default profiles: default
2020-10-23 14:26:54.354  INFO 4376 --- [main] .s.d.r.c.RepositoryConfigurationDelegate : Bootstrapping Spring Data JPA repositories in DEFERRED mode.
2020-10-23 14:26:54.411  INFO 4376 --- [main] .s.d.r.c.RepositoryConfigurationDelegate : Finished Spring Data repository scanning in 49ms. Found 3 JPA repository interfaces.
2020-10-23 14:26:54.858  INFO 4376 --- [main] o.s.b.w.embedded.tomcat.TomcatWebServer  : Tomcat initialized with port(s): 8080 (http)
2020-10-23 14:26:54.866  INFO 4376 --- [main] o.apache.catalina.core.StandardService   : Starting service [Tomcat]
2020-10-23 14:26:54.867  INFO 4376 --- [main] org.apache.catalina.core.StandardEngine  : Starting Servlet engine: [Apache Tomcat/9.0.38]
2020-10-23 14:26:54.983  INFO 4376 --- [main] o.a.c.c.C.[Tomcat].[localhost].[/api]    : Initializing Spring embedded WebApplicationContext
2020-10-23 14:26:54.984  INFO 4376 --- [main] w.s.c.ServletWebServerApplicationContext : Root WebApplicationContext: initialization completed in 1380 ms
2020-10-23 14:26:55.023  INFO 4376 --- [main] com.zaxxer.hikari.HikariDataSource       : HikariPool-1 - Starting...
2020-10-23 14:26:55.259  INFO 4376 --- [main] com.zaxxer.hikari.HikariDataSource       : HikariPool-1 - Start completed.
2020-10-23 14:26:55.266  INFO 4376 --- [main] o.s.b.a.h2.H2ConsoleAutoConfiguration    : H2 console available at '/h2-console'. Database available at 'jdbc:h2:./h2/heroes'
2020-10-23 14:26:55.423  INFO 4376 --- [main] o.s.s.concurrent.ThreadPoolTaskExecutor  : Initializing ExecutorService 'applicationTaskExecutor'
2020-10-23 14:26:55.471  INFO 4376 --- [task-1] o.hibernate.jpa.internal.util.LogHelper  : HHH000204: Processing PersistenceUnitInfo [name: default]
2020-10-23 14:26:55.507  INFO 4376 --- [task-1] org.hibernate.Version                    : HHH000412: Hibernate ORM core version 5.4.21.Final
2020-10-23 14:26:55.611  INFO 4376 --- [task-1] o.hibernate.annotations.common.Version   : HCANN000001: Hibernate Commons Annotations {5.1.0.Final}
2020-10-23 14:26:55.686  WARN 4376 --- [main] JpaBaseConfiguration$JpaWebConfiguration : spring.jpa.open-in-view is enabled by default. Therefore, database queries may be performed during view rendering. Explicitly configure spring.jpa.open-in-view to disable this warning
2020-10-23 14:26:55.696  INFO 4376 --- [task-1] org.hibernate.dialect.Dialect            : HHH000400: Using dialect: org.hibernate.dialect.H2Dialect
2020-10-23 14:26:56.045  INFO 4376 --- [main] o.s.b.w.embedded.tomcat.TomcatWebServer  : Tomcat started on port(s): 8080 (http) with context path '/api'
2020-10-23 14:26:56.251  INFO 4376 --- [task-1] o.h.e.t.j.p.i.JtaPlatformInitiator       : HHH000490: Using JtaPlatform implementation: [org.hibernate.engine.transaction.jta.platform.internal.NoJtaPlatform]
2020-10-23 14:26:56.260  INFO 4376 --- [task-1] j.LocalContainerEntityManagerFactoryBean : Initialized JPA EntityManagerFactory for persistence unit 'default'
2020-10-23 14:26:56.322  INFO 4376 --- [main] DeferredRepositoryInitializationListener : Triggering deferred initialization of Spring Data repositories…
2020-10-23 14:26:56.616  INFO 4376 --- [main] DeferredRepositoryInitializationListener : Spring Data repositories initialized!
2020-10-23 14:26:56.628  INFO 4376 --- [main] testTask.decision.DecisionApplication    : Started DecisionApplication in 3.439 seconds (JVM running for 3.996)
2020-10-23 14:27:09.996  INFO 4376 --- [http-nio-8080-exec-10] o.a.c.c.C.[Tomcat].[localhost].[/api]    : Initializing Spring DispatcherServlet 'dispatcherServlet'
2020-10-23 14:27:09.997  INFO 4376 --- [http-nio-8080-exec-10] o.s.web.servlet.DispatcherServlet        : Initializing Servlet 'dispatcherServlet'
2020-10-23 14:27:10.007  INFO 4376 --- [http-nio-8080-exec-10] o.s.web.servlet.DispatcherServlet        : Completed initialization in 10 ms
